<?xml version="1.0" encoding="UTF-8"?>
<coverage generated="1709663035600" clover="3.2.0">
  <project timestamp="1709663035600" name="All files">
    <metrics statements="88" coveredstatements="76" conditionals="34" coveredconditionals="15" methods="12" coveredmethods="9" elements="134" coveredelements="100" complexity="0" loc="88" ncloc="88" packages="6" files="9" classes="9"/>
    <package name="msw">
      <metrics statements="9" coveredstatements="9" conditionals="0" coveredconditionals="0" methods="2" coveredmethods="2"/>
      <file name="handlers.ts" path="/Users/jameshrivnak/Documents/Projects/2024/fillout-express-take-home-challenge/msw/handlers.ts">
        <metrics statements="6" coveredstatements="6" conditionals="0" coveredconditionals="0" methods="2" coveredmethods="2"/>
        <line num="1" count="1" type="stmt"/>
        <line num="2" count="1" type="stmt"/>
        <line num="3" count="1" type="stmt"/>
        <line num="4" count="1" type="stmt"/>
        <line num="9" count="8" type="stmt"/>
        <line num="15" count="2" type="stmt"/>
      </file>
      <file name="index.ts" path="/Users/jameshrivnak/Documents/Projects/2024/fillout-express-take-home-challenge/msw/index.ts">
        <metrics statements="3" coveredstatements="3" conditionals="0" coveredconditionals="0" methods="0" coveredmethods="0"/>
        <line num="1" count="1" type="stmt"/>
        <line num="2" count="1" type="stmt"/>
        <line num="4" count="1" type="stmt"/>
      </file>
    </package>
    <package name="src">
      <metrics statements="8" coveredstatements="8" conditionals="0" coveredconditionals="0" methods="0" coveredmethods="0"/>
      <file name="app.ts" path="/Users/jameshrivnak/Documents/Projects/2024/fillout-express-take-home-challenge/src/app.ts">
        <metrics statements="8" coveredstatements="8" conditionals="0" coveredconditionals="0" methods="0" coveredmethods="0"/>
        <line num="1" count="1" type="stmt"/>
        <line num="2" count="1" type="stmt"/>
        <line num="3" count="1" type="stmt"/>
        <line num="5" count="1" type="stmt"/>
        <line num="6" count="1" type="stmt"/>
        <line num="7" count="1" type="stmt"/>
        <line num="8" count="1" type="stmt"/>
        <line num="10" count="1" type="stmt"/>
      </file>
    </package>
    <package name="src.config">
      <metrics statements="10" coveredstatements="8" conditionals="10" coveredconditionals="5" methods="1" coveredmethods="1"/>
      <file name="index.ts" path="/Users/jameshrivnak/Documents/Projects/2024/fillout-express-take-home-challenge/src/config/index.ts">
        <metrics statements="10" coveredstatements="8" conditionals="10" coveredconditionals="5" methods="1" coveredmethods="1"/>
        <line num="1" count="1" type="stmt"/>
        <line num="2" count="1" type="stmt"/>
        <line num="4" count="1" type="cond" truecount="2" falsecount="0"/>
        <line num="5" count="1" type="stmt"/>
        <line num="6" count="1" type="stmt"/>
        <line num="17" count="1" type="cond" truecount="0" falsecount="1"/>
        <line num="18" count="0" type="stmt"/>
        <line num="21" count="1" type="cond" truecount="0" falsecount="1"/>
        <line num="22" count="0" type="stmt"/>
        <line num="25" count="1" type="stmt"/>
      </file>
    </package>
    <package name="src.controllers">
      <metrics statements="35" coveredstatements="28" conditionals="12" coveredconditionals="10" methods="6" coveredmethods="5"/>
      <file name="fillout.controller.ts" path="/Users/jameshrivnak/Documents/Projects/2024/fillout-express-take-home-challenge/src/controllers/fillout.controller.ts">
        <metrics statements="35" coveredstatements="28" conditionals="12" coveredconditionals="10" methods="6" coveredmethods="5"/>
        <line num="2" count="1" type="stmt"/>
        <line num="3" count="1" type="stmt"/>
        <line num="4" count="1" type="stmt"/>
        <line num="5" count="1" type="stmt"/>
        <line num="7" count="1" type="stmt"/>
        <line num="11" count="0" type="stmt"/>
        <line num="12" count="0" type="stmt"/>
        <line num="20" count="0" type="stmt"/>
        <line num="22" count="0" type="stmt"/>
        <line num="39" count="1" type="stmt"/>
        <line num="40" count="10" type="stmt"/>
        <line num="41" count="10" type="stmt"/>
        <line num="48" count="10" type="stmt"/>
        <line num="49" count="10" type="cond" truecount="1" falsecount="0"/>
        <line num="50" count="10" type="stmt"/>
        <line num="52" count="10" type="stmt"/>
        <line num="53" count="110" type="stmt"/>
        <line num="54" count="124" type="stmt"/>
        <line num="55" count="322" type="stmt"/>
        <line num="57" count="124" type="cond" truecount="0" falsecount="1"/>
        <line num="58" count="0" type="stmt"/>
        <line num="60" count="124" type="cond" truecount="2" falsecount="0"/>
        <line num="61" count="69" type="stmt"/>
        <line num="62" count="55" type="cond" truecount="2" falsecount="0"/>
        <line num="63" count="22" type="stmt"/>
        <line num="64" count="33" type="cond" truecount="2" falsecount="0"/>
        <line num="65" count="22" type="stmt"/>
        <line num="66" count="11" type="cond" truecount="1" falsecount="1"/>
        <line num="67" count="11" type="stmt"/>
        <line num="69" count="0" type="stmt"/>
        <line num="74" count="10" type="stmt"/>
        <line num="76" count="10" type="stmt"/>
        <line num="78" count="0" type="stmt"/>
        <line num="82" count="1" type="stmt"/>
        <line num="92" count="10" type="cond" truecount="2" falsecount="0"/>
      </file>
    </package>
    <package name="src.router">
      <metrics statements="23" coveredstatements="22" conditionals="0" coveredconditionals="0" methods="2" coveredmethods="1"/>
      <file name="fillout.router.ts" path="/Users/jameshrivnak/Documents/Projects/2024/fillout-express-take-home-challenge/src/router/fillout.router.ts">
        <metrics statements="10" coveredstatements="10" conditionals="0" coveredconditionals="0" methods="1" coveredmethods="1"/>
        <line num="1" count="1" type="stmt"/>
        <line num="2" count="1" type="stmt"/>
        <line num="3" count="1" type="stmt"/>
        <line num="4" count="1" type="stmt"/>
        <line num="6" count="1" type="stmt"/>
        <line num="7" count="10" type="stmt"/>
        <line num="8" count="10" type="stmt"/>
        <line num="11" count="1" type="stmt"/>
        <line num="13" count="1" type="stmt"/>
        <line num="15" count="1" type="stmt"/>
      </file>
      <file name="healthcheck.router.ts" path="/Users/jameshrivnak/Documents/Projects/2024/fillout-express-take-home-challenge/src/router/healthcheck.router.ts">
        <metrics statements="6" coveredstatements="5" conditionals="0" coveredconditionals="0" methods="1" coveredmethods="0"/>
        <line num="1" count="1" type="stmt"/>
        <line num="2" count="1" type="stmt"/>
        <line num="3" count="1" type="stmt"/>
        <line num="5" count="1" type="stmt"/>
        <line num="6" count="0" type="stmt"/>
        <line num="9" count="1" type="stmt"/>
      </file>
      <file name="index.ts" path="/Users/jameshrivnak/Documents/Projects/2024/fillout-express-take-home-challenge/src/router/index.ts">
        <metrics statements="7" coveredstatements="7" conditionals="0" coveredconditionals="0" methods="0" coveredmethods="0"/>
        <line num="1" count="1" type="stmt"/>
        <line num="3" count="1" type="stmt"/>
        <line num="4" count="1" type="stmt"/>
        <line num="6" count="1" type="stmt"/>
        <line num="8" count="1" type="stmt"/>
        <line num="9" count="1" type="stmt"/>
        <line num="11" count="1" type="stmt"/>
      </file>
    </package>
    <package name="src.utils">
      <metrics statements="3" coveredstatements="1" conditionals="12" coveredconditionals="0" methods="1" coveredmethods="0"/>
      <file name="index.ts" path="/Users/jameshrivnak/Documents/Projects/2024/fillout-express-take-home-challenge/src/utils/index.ts">
        <metrics statements="3" coveredstatements="1" conditionals="12" coveredconditionals="0" methods="1" coveredmethods="0"/>
        <line num="4" count="1" type="stmt"/>
        <line num="5" count="0" type="stmt"/>
        <line num="10" count="0" type="cond" truecount="0" falsecount="6"/>
      </file>
    </package>
  </project>
</coverage>
