{"/Users/jameshrivnak/Documents/Projects/2024/fillout-express-take-home-challenge/msw/handlers.ts": {"path":"/Users/jameshrivnak/Documents/Projects/2024/fillout-express-take-home-challenge/msw/handlers.ts","statementMap":{"0":{"start":{"line":1,"column":0},"end":{"line":1,"column":27}},"1":{"start":{"line":2,"column":0},"end":{"line":2,"column":47}},"2":{"start":{"line":3,"column":0},"end":{"line":3,"column":37}},"3":{"start":{"line":4,"column":13},"end":{"line":18,"column":2}},"4":{"start":{"line":9,"column":6},"end":{"line":9,"column":58}},"5":{"start":{"line":15,"column":6},"end":{"line":15,"column":53}}},"fnMap":{"0":{"name":"(anonymous_7)","decl":{"start":{"line":8,"column":4},"end":{"line":8,"column":7}},"loc":{"start":{"line":8,"column":9},"end":{"line":10,"column":5}}},"1":{"name":"(anonymous_8)","decl":{"start":{"line":14,"column":4},"end":{"line":14,"column":7}},"loc":{"start":{"line":14,"column":9},"end":{"line":16,"column":5}}}},"branchMap":{},"s":{"0":1,"1":1,"2":1,"3":1,"4":8,"5":2},"f":{"0":8,"1":2},"b":{}}
,"/Users/jameshrivnak/Documents/Projects/2024/fillout-express-take-home-challenge/msw/index.ts": {"path":"/Users/jameshrivnak/Documents/Projects/2024/fillout-express-take-home-challenge/msw/index.ts","statementMap":{"0":{"start":{"line":1,"column":0},"end":{"line":1,"column":39}},"1":{"start":{"line":2,"column":0},"end":{"line":2,"column":38}},"2":{"start":{"line":4,"column":13},"end":{"line":4,"column":47}}},"fnMap":{},"branchMap":{},"s":{"0":1,"1":1,"2":1},"f":{},"b":{}}
,"/Users/jameshrivnak/Documents/Projects/2024/fillout-express-take-home-challenge/src/app.ts": {"path":"/Users/jameshrivnak/Documents/Projects/2024/fillout-express-take-home-challenge/src/app.ts","statementMap":{"0":{"start":{"line":1,"column":0},"end":{"line":1,"column":30}},"1":{"start":{"line":2,"column":0},"end":{"line":2,"column":30}},"2":{"start":{"line":3,"column":0},"end":{"line":3,"column":24}},"3":{"start":{"line":5,"column":12},"end":{"line":5,"column":21}},"4":{"start":{"line":6,"column":0},"end":{"line":6,"column":16}},"5":{"start":{"line":7,"column":0},"end":{"line":7,"column":24}},"6":{"start":{"line":8,"column":0},"end":{"line":8,"column":16}},"7":{"start":{"line":10,"column":0},"end":{"line":10,"column":19}}},"fnMap":{},"branchMap":{},"s":{"0":1,"1":1,"2":1,"3":1,"4":1,"5":1,"6":1,"7":1},"f":{},"b":{}}
,"/Users/jameshrivnak/Documents/Projects/2024/fillout-express-take-home-challenge/src/config/index.ts": {"path":"/Users/jameshrivnak/Documents/Projects/2024/fillout-express-take-home-challenge/src/config/index.ts","statementMap":{"0":{"start":{"line":1,"column":0},"end":{"line":1,"column":33}},"1":{"start":{"line":2,"column":0},"end":{"line":2,"column":34}},"2":{"start":{"line":4,"column":0},"end":{"line":4,"column":null}},"3":{"start":{"line":5,"column":2},"end":{"line":5,"column":null}},"4":{"start":{"line":6,"column":2},"end":{"line":6,"column":null}},"5":{"start":{"line":17,"column":0},"end":{"line":19,"column":1}},"6":{"start":{"line":18,"column":2},"end":{"line":18,"column":48}},"7":{"start":{"line":21,"column":0},"end":{"line":23,"column":1}},"8":{"start":{"line":22,"column":2},"end":{"line":22,"column":51}},"9":{"start":{"line":25,"column":13},"end":{"line":31,"column":2}}},"fnMap":{"0":{"name":"(anonymous_6)","decl":{"start":{"line":4,"column":0},"end":{"line":4,"column":5}},"loc":{"start":{"line":4,"column":12},"end":{"line":7,"column":1}}}},"branchMap":{"0":{"loc":{"start":{"line":4,"column":5},"end":{"line":4,"column":null}},"type":"binary-expr","locations":[{"start":{"line":4,"column":5},"end":{"line":4,"column":12}},{"start":{"line":4,"column":5},"end":{"line":4,"column":null}}]},"1":{"loc":{"start":{"line":17,"column":0},"end":{"line":19,"column":1}},"type":"if","locations":[{"start":{"line":17,"column":0},"end":{"line":19,"column":1}}]},"2":{"loc":{"start":{"line":21,"column":0},"end":{"line":23,"column":1}},"type":"if","locations":[{"start":{"line":21,"column":0},"end":{"line":23,"column":1}}]},"3":{"loc":{"start":{"line":26,"column":8},"end":{"line":26,"column":55}},"type":"binary-expr","locations":[{"start":{"line":26,"column":8},"end":{"line":26,"column":40}},{"start":{"line":26,"column":44},"end":{"line":26,"column":55}}]},"4":{"loc":{"start":{"line":27,"column":8},"end":{"line":27,"column":40}},"type":"binary-expr","locations":[{"start":{"line":27,"column":8},"end":{"line":27,"column":32}},{"start":{"line":27,"column":36},"end":{"line":27,"column":40}}]},"5":{"loc":{"start":{"line":28,"column":14},"end":{"line":28,"column":67}},"type":"binary-expr","locations":[{"start":{"line":28,"column":14},"end":{"line":28,"column":38}},{"start":{"line":28,"column":42},"end":{"line":28,"column":67}}]}},"s":{"0":1,"1":1,"2":1,"3":1,"4":1,"5":1,"6":0,"7":1,"8":0,"9":1},"f":{"0":1},"b":{"0":[1,1],"1":[0],"2":[0],"3":[1,0],"4":[1,0],"5":[1,0]}}
,"/Users/jameshrivnak/Documents/Projects/2024/fillout-express-take-home-challenge/src/controllers/fillout.controller.ts": {"path":"/Users/jameshrivnak/Documents/Projects/2024/fillout-express-take-home-challenge/src/controllers/fillout.controller.ts","statementMap":{"0":{"start":{"line":2,"column":0},"end":{"line":2,"column":26}},"1":{"start":{"line":3,"column":0},"end":{"line":3,"column":48}},"2":{"start":{"line":4,"column":0},"end":{"line":4,"column":35}},"3":{"start":{"line":5,"column":0},"end":{"line":5,"column":39}},"4":{"start":{"line":7,"column":24},"end":{"line":24,"column":1}},"5":{"start":{"line":11,"column":2},"end":{"line":23,"column":3}},"6":{"start":{"line":12,"column":21},"end":{"line":18,"column":6}},"7":{"start":{"line":20,"column":4},"end":{"line":20,"column":53}},"8":{"start":{"line":22,"column":4},"end":{"line":22,"column":33}},"9":{"start":{"line":39,"column":20},"end":{"line":80,"column":1}},"10":{"start":{"line":40,"column":2},"end":{"line":79,"column":3}},"11":{"start":{"line":41,"column":21},"end":{"line":47,"column":6}},"12":{"start":{"line":48,"column":24},"end":{"line":48,"column":78}},"13":{"start":{"line":49,"column":4},"end":{"line":75,"column":5}},"14":{"start":{"line":50,"column":25},"end":{"line":50,"column":76}},"15":{"start":{"line":52,"column":21},"end":{"line":72,"column":8}},"16":{"start":{"line":53,"column":8},"end":{"line":71,"column":11}},"17":{"start":{"line":54,"column":27},"end":{"line":55,"column":null}},"18":{"start":{"line":55,"column":26},"end":{"line":55,"column":54}},"19":{"start":{"line":57,"column":10},"end":{"line":59,"column":11}},"20":{"start":{"line":58,"column":12},"end":{"line":58,"column":25}},"21":{"start":{"line":60,"column":10},"end":{"line":70,"column":11}},"22":{"start":{"line":61,"column":12},"end":{"line":61,"column":54}},"23":{"start":{"line":62,"column":17},"end":{"line":70,"column":11}},"24":{"start":{"line":63,"column":12},"end":{"line":63,"column":54}},"25":{"start":{"line":64,"column":17},"end":{"line":70,"column":11}},"26":{"start":{"line":65,"column":12},"end":{"line":65,"column":72}},"27":{"start":{"line":66,"column":17},"end":{"line":70,"column":11}},"28":{"start":{"line":67,"column":12},"end":{"line":67,"column":72}},"29":{"start":{"line":69,"column":12},"end":{"line":69,"column":25}},"30":{"start":{"line":74,"column":6},"end":{"line":74,"column":30}},"31":{"start":{"line":76,"column":4},"end":{"line":76,"column":53}},"32":{"start":{"line":78,"column":4},"end":{"line":78,"column":33}},"33":{"start":{"line":82,"column":13},"end":{"line":85,"column":2}},"34":{"start":{"line":92,"column":85},"end":{"line":92,"column":37904}},"35":{"start":{"line":92,"column":89},"end":{"line":92,"column":37893}},"36":{"start":{"line":92,"column":38019},"end":{"line":92,"column":38025}},"37":{"start":{"line":92,"column":38140},"end":{"line":92,"column":38146}},"38":{"start":{"line":92,"column":38228},"end":{"line":92,"column":38234}},"39":{"start":{"line":92,"column":38319},"end":{"line":92,"column":38325}}},"fnMap":{"0":{"name":"(anonymous_1)","decl":{"start":{"line":7,"column":24},"end":{"line":7,"column":29}},"loc":{"start":{"line":10,"column":4},"end":{"line":24,"column":1}}},"1":{"name":"(anonymous_2)","decl":{"start":{"line":39,"column":20},"end":{"line":39,"column":25}},"loc":{"start":{"line":39,"column":78},"end":{"line":80,"column":1}}},"2":{"name":"(anonymous_3)","decl":{"start":{"line":52,"column":43},"end":{"line":52,"column":44}},"loc":{"start":{"line":52,"column":56},"end":{"line":72,"column":7}}},"3":{"name":"(anonymous_4)","decl":{"start":{"line":53,"column":32},"end":{"line":53,"column":33}},"loc":{"start":{"line":53,"column":46},"end":{"line":71,"column":9}}},"4":{"name":"(anonymous_5)","decl":{"start":{"line":55,"column":12},"end":{"line":55,"column":13}},"loc":{"start":{"line":55,"column":26},"end":{"line":55,"column":54}}},"5":{"name":"oo_cm","decl":{"start":{"line":92,"column":77},"end":{"line":92,"column":82}},"loc":{"start":{"line":92,"column":82},"end":{"line":92,"column":37905}}}},"branchMap":{"0":{"loc":{"start":{"line":49,"column":4},"end":{"line":75,"column":5}},"type":"if","locations":[{"start":{"line":49,"column":4},"end":{"line":75,"column":5}}]},"1":{"loc":{"start":{"line":57,"column":10},"end":{"line":59,"column":11}},"type":"if","locations":[{"start":{"line":57,"column":10},"end":{"line":59,"column":11}}]},"2":{"loc":{"start":{"line":60,"column":10},"end":{"line":70,"column":11}},"type":"if","locations":[{"start":{"line":60,"column":10},"end":{"line":70,"column":11}},{"start":{"line":62,"column":17},"end":{"line":70,"column":11}}]},"3":{"loc":{"start":{"line":62,"column":17},"end":{"line":70,"column":11}},"type":"if","locations":[{"start":{"line":62,"column":17},"end":{"line":70,"column":11}},{"start":{"line":64,"column":17},"end":{"line":70,"column":11}}]},"4":{"loc":{"start":{"line":64,"column":17},"end":{"line":70,"column":11}},"type":"if","locations":[{"start":{"line":64,"column":17},"end":{"line":70,"column":11}},{"start":{"line":66,"column":17},"end":{"line":70,"column":11}}]},"5":{"loc":{"start":{"line":66,"column":17},"end":{"line":70,"column":11}},"type":"if","locations":[{"start":{"line":66,"column":17},"end":{"line":70,"column":11}},{"start":{"line":68,"column":17},"end":{"line":70,"column":11}}]},"6":{"loc":{"start":{"line":92,"column":96},"end":{"line":92,"column":37892}},"type":"binary-expr","locations":[{"start":{"line":92,"column":96},"end":{"line":92,"column":133}},{"start":{"line":92,"column":137},"end":{"line":92,"column":37892}}]}},"s":{"0":1,"1":1,"2":1,"3":1,"4":1,"5":0,"6":0,"7":0,"8":0,"9":1,"10":10,"11":10,"12":10,"13":10,"14":10,"15":10,"16":110,"17":124,"18":322,"19":124,"20":0,"21":124,"22":69,"23":55,"24":22,"25":33,"26":22,"27":11,"28":11,"29":0,"30":10,"31":10,"32":0,"33":1,"34":10,"35":10,"36":1,"37":1,"38":1,"39":1},"f":{"0":0,"1":10,"2":110,"3":124,"4":322,"5":10},"b":{"0":[10],"1":[0],"2":[69,55],"3":[22,33],"4":[22,11],"5":[11,0],"6":[10,1]}}
,"/Users/jameshrivnak/Documents/Projects/2024/fillout-express-take-home-challenge/src/router/fillout.router.ts": {"path":"/Users/jameshrivnak/Documents/Projects/2024/fillout-express-take-home-challenge/src/router/fillout.router.ts","statementMap":{"0":{"start":{"line":1,"column":0},"end":{"line":1,"column":67}},"1":{"start":{"line":2,"column":0},"end":{"line":2,"column":35}},"2":{"start":{"line":3,"column":0},"end":{"line":3,"column":70}},"3":{"start":{"line":4,"column":22},"end":{"line":4,"column":38}},"4":{"start":{"line":6,"column":0},"end":{"line":9,"column":3}},"5":{"start":{"line":7,"column":2},"end":{"line":7,"column":38}},"6":{"start":{"line":8,"column":2},"end":{"line":8,"column":9}},"7":{"start":{"line":11,"column":0},"end":{"line":11,"column":70}},"8":{"start":{"line":13,"column":0},"end":{"line":13,"column":79}},"9":{"start":{"line":15,"column":0},"end":{"line":15,"column":29}}},"fnMap":{"0":{"name":"(anonymous_1)","decl":{"start":{"line":6,"column":23},"end":{"line":6,"column":24}},"loc":{"start":{"line":6,"column":76},"end":{"line":9,"column":1}}}},"branchMap":{},"s":{"0":1,"1":1,"2":1,"3":1,"4":1,"5":10,"6":10,"7":1,"8":1,"9":1},"f":{"0":10},"b":{}}
,"/Users/jameshrivnak/Documents/Projects/2024/fillout-express-take-home-challenge/src/router/healthcheck.router.ts": {"path":"/Users/jameshrivnak/Documents/Projects/2024/fillout-express-take-home-challenge/src/router/healthcheck.router.ts","statementMap":{"0":{"start":{"line":1,"column":0},"end":{"line":1,"column":53}},"1":{"start":{"line":2,"column":0},"end":{"line":2,"column":48}},"2":{"start":{"line":3,"column":26},"end":{"line":3,"column":42}},"3":{"start":{"line":5,"column":0},"end":{"line":7,"column":3}},"4":{"start":{"line":6,"column":2},"end":{"line":6,"column":70}},"5":{"start":{"line":9,"column":0},"end":{"line":9,"column":33}}},"fnMap":{"0":{"name":"(anonymous_1)","decl":{"start":{"line":5,"column":27},"end":{"line":5,"column":32}},"loc":{"start":{"line":5,"column":66},"end":{"line":7,"column":1}}}},"branchMap":{},"s":{"0":1,"1":1,"2":1,"3":1,"4":0,"5":1},"f":{"0":0},"b":{}}
,"/Users/jameshrivnak/Documents/Projects/2024/fillout-express-take-home-challenge/src/router/index.ts": {"path":"/Users/jameshrivnak/Documents/Projects/2024/fillout-express-take-home-challenge/src/router/index.ts","statementMap":{"0":{"start":{"line":1,"column":0},"end":{"line":1,"column":33}},"1":{"start":{"line":3,"column":0},"end":{"line":3,"column":45}},"2":{"start":{"line":4,"column":0},"end":{"line":4,"column":53}},"3":{"start":{"line":6,"column":15},"end":{"line":6,"column":23}},"4":{"start":{"line":8,"column":0},"end":{"line":8,"column":46}},"5":{"start":{"line":9,"column":0},"end":{"line":9,"column":31}},"6":{"start":{"line":11,"column":0},"end":{"line":11,"column":22}}},"fnMap":{},"branchMap":{},"s":{"0":1,"1":1,"2":1,"3":1,"4":1,"5":1,"6":1},"f":{},"b":{}}
,"/Users/jameshrivnak/Documents/Projects/2024/fillout-express-take-home-challenge/src/utils/index.ts": {"path":"/Users/jameshrivnak/Documents/Projects/2024/fillout-express-take-home-challenge/src/utils/index.ts","statementMap":{"0":{"start":{"line":4,"column":27},"end":{"line":13,"column":1}},"1":{"start":{"line":5,"column":19},"end":{"line":5,"column":null}},"2":{"start":{"line":10,"column":2},"end":{"line":12,"column":5}},"3":{"start":{"line":4,"column":13},"end":{"line":4,"column":27}}},"fnMap":{"0":{"name":"(anonymous_0)","decl":{"start":{"line":4,"column":27},"end":{"line":4,"column":28}},"loc":{"start":{"line":4,"column":55},"end":{"line":13,"column":1}}}},"branchMap":{"0":{"loc":{"start":{"line":10,"column":20},"end":{"line":10,"column":61}},"type":"binary-expr","locations":[{"start":{"line":10,"column":20},"end":{"line":10,"column":54}},{"start":{"line":10,"column":58},"end":{"line":10,"column":61}}]},"1":{"loc":{"start":{"line":10,"column":20},"end":{"line":10,"column":54}},"type":"cond-expr","locations":[{"start":{"line":10,"column":37},"end":{"line":10,"column":39}},{"start":{"line":10,"column":37},"end":{"line":10,"column":54}}]},"2":{"loc":{"start":{"line":10,"column":20},"end":{"line":10,"column":39}},"type":"binary-expr","locations":[{"start":{"line":10,"column":20},"end":{"line":10,"column":39}},{"start":{"line":10,"column":37},"end":{"line":10,"column":39}}]},"3":{"loc":{"start":{"line":11,"column":11},"end":{"line":11,"column":69}},"type":"binary-expr","locations":[{"start":{"line":11,"column":11},"end":{"line":11,"column":42}},{"start":{"line":11,"column":46},"end":{"line":11,"column":69}}]},"4":{"loc":{"start":{"line":11,"column":11},"end":{"line":11,"column":42}},"type":"cond-expr","locations":[{"start":{"line":11,"column":28},"end":{"line":11,"column":30}},{"start":{"line":11,"column":28},"end":{"line":11,"column":42}}]},"5":{"loc":{"start":{"line":11,"column":11},"end":{"line":11,"column":30}},"type":"binary-expr","locations":[{"start":{"line":11,"column":11},"end":{"line":11,"column":30}},{"start":{"line":11,"column":28},"end":{"line":11,"column":30}}]}},"s":{"0":1,"1":0,"2":0,"3":1},"f":{"0":0},"b":{"0":[0,0],"1":[0,0],"2":[0,0],"3":[0,0],"4":[0,0],"5":[0,0]}}
}
