TN:
SF:msw/handlers.ts
FN:8,(anonymous_7)
FN:14,(anonymous_8)
FNF:2
FNH:2
FNDA:8,(anonymous_7)
FNDA:2,(anonymous_8)
DA:1,1
DA:2,1
DA:3,1
DA:4,1
DA:9,8
DA:15,2
LF:6
LH:6
BRF:0
BRH:0
end_of_record
TN:
SF:msw/index.ts
FNF:0
FNH:0
DA:1,1
DA:2,1
DA:4,1
LF:3
LH:3
BRF:0
BRH:0
end_of_record
TN:
SF:src/app.ts
FNF:0
FNH:0
DA:1,1
DA:2,1
DA:3,1
DA:5,1
DA:6,1
DA:7,1
DA:8,1
DA:10,1
LF:8
LH:8
BRF:0
BRH:0
end_of_record
TN:
SF:src/config/index.ts
FN:4,(anonymous_6)
FNF:1
FNH:1
FNDA:1,(anonymous_6)
DA:1,1
DA:2,1
DA:4,1
DA:5,1
DA:6,1
DA:17,1
DA:18,0
DA:21,1
DA:22,0
DA:25,1
LF:10
LH:8
BRDA:4,0,0,1
BRDA:4,0,1,1
BRDA:17,1,0,0
BRDA:21,2,0,0
BRDA:26,3,0,1
BRDA:26,3,1,0
BRDA:27,4,0,1
BRDA:27,4,1,0
BRDA:28,5,0,1
BRDA:28,5,1,0
BRF:10
BRH:5
end_of_record
TN:
SF:src/controllers/fillout.controller.ts
FN:7,(anonymous_1)
FN:39,(anonymous_2)
FN:52,(anonymous_3)
FN:53,(anonymous_4)
FN:55,(anonymous_5)
FN:92,oo_cm
FNF:6
FNH:5
FNDA:0,(anonymous_1)
FNDA:10,(anonymous_2)
FNDA:110,(anonymous_3)
FNDA:124,(anonymous_4)
FNDA:322,(anonymous_5)
FNDA:10,oo_cm
DA:2,1
DA:3,1
DA:4,1
DA:5,1
DA:7,1
DA:11,0
DA:12,0
DA:20,0
DA:22,0
DA:39,1
DA:40,10
DA:41,10
DA:48,10
DA:49,10
DA:50,10
DA:52,10
DA:53,110
DA:54,124
DA:55,322
DA:57,124
DA:58,0
DA:60,124
DA:61,69
DA:62,55
DA:63,22
DA:64,33
DA:65,22
DA:66,11
DA:67,11
DA:69,0
DA:74,10
DA:76,10
DA:78,0
DA:82,1
DA:92,10
LF:35
LH:28
BRDA:49,0,0,10
BRDA:57,1,0,0
BRDA:60,2,0,69
BRDA:60,2,1,55
BRDA:62,3,0,22
BRDA:62,3,1,33
BRDA:64,4,0,22
BRDA:64,4,1,11
BRDA:66,5,0,11
BRDA:66,5,1,0
BRDA:92,6,0,10
BRDA:92,6,1,1
BRF:12
BRH:10
end_of_record
TN:
SF:src/router/fillout.router.ts
FN:6,(anonymous_1)
FNF:1
FNH:1
FNDA:10,(anonymous_1)
DA:1,1
DA:2,1
DA:3,1
DA:4,1
DA:6,1
DA:7,10
DA:8,10
DA:11,1
DA:13,1
DA:15,1
LF:10
LH:10
BRF:0
BRH:0
end_of_record
TN:
SF:src/router/healthcheck.router.ts
FN:5,(anonymous_1)
FNF:1
FNH:0
FNDA:0,(anonymous_1)
DA:1,1
DA:2,1
DA:3,1
DA:5,1
DA:6,0
DA:9,1
LF:6
LH:5
BRF:0
BRH:0
end_of_record
TN:
SF:src/router/index.ts
FNF:0
FNH:0
DA:1,1
DA:3,1
DA:4,1
DA:6,1
DA:8,1
DA:9,1
DA:11,1
LF:7
LH:7
BRF:0
BRH:0
end_of_record
TN:
SF:src/utils/index.ts
FN:4,(anonymous_0)
FNF:1
FNH:0
FNDA:0,(anonymous_0)
DA:4,1
DA:5,0
DA:10,0
LF:3
LH:1
BRDA:10,0,0,0
BRDA:10,0,1,0
BRDA:10,1,0,0
BRDA:10,1,1,0
BRDA:10,2,0,0
BRDA:10,2,1,0
BRDA:11,3,0,0
BRDA:11,3,1,0
BRDA:11,4,0,0
BRDA:11,4,1,0
BRDA:11,5,0,0
BRDA:11,5,1,0
BRF:12
BRH:0
end_of_record
